0 verbose cli /usr/local/bin/node /usr/local/bin/npm
1 info using npm@11.6.2
2 info using node@v22.18.0
3 silly config load:file:/usr/local/lib/node_modules/npm/npmrc
4 silly config load:file:/Users/keirawest/Downloads/personal-cic-app/.npmrc
5 silly config load:file:/Users/keirawest/.npmrc
6 silly config load:file:/usr/local/etc/npmrc
7 verbose title npm install @huggingface/inference
8 verbose argv "install" "@huggingface/inference"
9 verbose logfile logs-max:10 dir:/Users/keirawest/Downloads/personal-cic-app/.npm-cache/_logs/2025-11-07T23_20_52_157Z-
10 verbose logfile /Users/keirawest/Downloads/personal-cic-app/.npm-cache/_logs/2025-11-07T23_20_52_157Z-debug-0.log
11 silly logfile done cleaning log files
12 silly packumentCache heap:4345298944 maxSize:1086324736 maxEntrySize:543162368
13 silly idealTree buildDeps
14 silly fetch manifest @huggingface/inference@*
15 silly packumentCache full:https://registry.npmjs.org/@huggingface%2finference cache-miss
16 verbose shrinkwrap failed to load node_modules/.package-lock.json missing from lockfile: node_modules/@heroicons/react
17 http fetch GET 200 https://registry.npmjs.org/npm 331ms
18 http fetch GET 200 https://registry.npmjs.org/@huggingface%2finference 320ms (cache miss)
19 silly packumentCache full:https://registry.npmjs.org/@huggingface%2finference set size:undefined disposed:false
20 silly placeDep ROOT @huggingface/inference@4.13.2 OK for: personal-cic-app@0.1.0 want: *
21 silly fetch manifest @huggingface/jinja@^0.5.1
22 silly packumentCache full:https://registry.npmjs.org/@huggingface%2fjinja cache-miss
23 silly fetch manifest @huggingface/tasks@^0.19.63
24 silly packumentCache full:https://registry.npmjs.org/@huggingface%2ftasks cache-miss
25 http fetch GET 200 https://registry.npmjs.org/@huggingface%2ftasks 218ms (cache miss)
26 silly packumentCache full:https://registry.npmjs.org/@huggingface%2ftasks set size:undefined disposed:false
27 http fetch GET 200 https://registry.npmjs.org/@huggingface%2fjinja 518ms (cache miss)
28 silly packumentCache full:https://registry.npmjs.org/@huggingface%2fjinja set size:undefined disposed:false
29 silly placeDep ROOT @huggingface/jinja@0.5.1 OK for: @huggingface/inference@4.13.2 want: ^0.5.1
30 silly placeDep ROOT @huggingface/tasks@0.19.63 OK for: @huggingface/inference@4.13.2 want: ^0.19.63
31 silly reify mark retired [
31 silly reify   '/Users/keirawest/Downloads/personal-cic-app/node_modules/@heroicons/react'
31 silly reify ]
32 silly reify moves {
32 silly reify   '/Users/keirawest/Downloads/personal-cic-app/node_modules/@heroicons/react': '/Users/keirawest/Downloads/personal-cic-app/node_modules/@heroicons/.react-EEgWnc1o'
32 silly reify }
33 silly audit bulk request {
33 silly audit   '@alloc/quick-lru': [ '5.2.0' ],
33 silly audit   '@emnapi/core': [ '1.5.0' ],
33 silly audit   '@emnapi/runtime': [ '1.5.0' ],
33 silly audit   '@emnapi/wasi-threads': [ '1.1.0' ],
33 silly audit   '@eslint-community/eslint-utils': [ '4.9.0' ],
33 silly audit   'eslint-visitor-keys': [ '3.4.3', '4.2.1' ],
33 silly audit   '@eslint-community/regexpp': [ '4.12.1' ],
33 silly audit   '@eslint/config-array': [ '0.21.0' ],
33 silly audit   '@eslint/config-helpers': [ '0.4.0' ],
33 silly audit   '@eslint/core': [ '0.16.0' ],
33 silly audit   '@eslint/eslintrc': [ '3.3.1' ],
33 silly audit   '@eslint/js': [ '9.37.0' ],
33 silly audit   '@eslint/object-schema': [ '2.1.6' ],
33 silly audit   '@eslint/plugin-kit': [ '0.4.0' ],
33 silly audit   '@humanfs/core': [ '0.19.1' ],
33 silly audit   '@humanfs/node': [ '0.16.7' ],
33 silly audit   '@humanwhocodes/module-importer': [ '1.0.1' ],
33 silly audit   '@humanwhocodes/retry': [ '0.4.3' ],
33 silly audit   '@img/colour': [ '1.0.0' ],
33 silly audit   '@img/sharp-darwin-arm64': [ '0.34.4' ],
33 silly audit   '@img/sharp-darwin-x64': [ '0.34.4' ],
33 silly audit   '@img/sharp-libvips-darwin-arm64': [ '1.2.3' ],
33 silly audit   '@img/sharp-libvips-darwin-x64': [ '1.2.3' ],
33 silly audit   '@img/sharp-libvips-linux-arm': [ '1.2.3' ],
33 silly audit   '@img/sharp-libvips-linux-arm64': [ '1.2.3' ],
33 silly audit   '@img/sharp-libvips-linux-ppc64': [ '1.2.3' ],
33 silly audit   '@img/sharp-libvips-linux-s390x': [ '1.2.3' ],
33 silly audit   '@img/sharp-libvips-linux-x64': [ '1.2.3' ],
33 silly audit   '@img/sharp-libvips-linuxmusl-arm64': [ '1.2.3' ],
33 silly audit   '@img/sharp-libvips-linuxmusl-x64': [ '1.2.3' ],
33 silly audit   '@img/sharp-linux-arm': [ '0.34.4' ],
33 silly audit   '@img/sharp-linux-arm64': [ '0.34.4' ],
33 silly audit   '@img/sharp-linux-ppc64': [ '0.34.4' ],
33 silly audit   '@img/sharp-linux-s390x': [ '0.34.4' ],
33 silly audit   '@img/sharp-linux-x64': [ '0.34.4' ],
33 silly audit   '@img/sharp-linuxmusl-arm64': [ '0.34.4' ],
33 silly audit   '@img/sharp-linuxmusl-x64': [ '0.34.4' ],
33 silly audit   '@img/sharp-wasm32': [ '0.34.4' ],
33 silly audit   '@img/sharp-win32-arm64': [ '0.34.4' ],
33 silly audit   '@img/sharp-win32-ia32': [ '0.34.4' ],
33 silly audit   '@img/sharp-win32-x64': [ '0.34.4' ],
33 silly audit   '@isaacs/fs-minipass': [ '4.0.1' ],
33 silly audit   '@jridgewell/gen-mapping': [ '0.3.13' ],
33 silly audit   '@jridgewell/remapping': [ '2.3.5' ],
33 silly audit   '@jridgewell/resolve-uri': [ '3.1.2' ],
33 silly audit   '@jridgewell/sourcemap-codec': [ '1.5.5' ],
33 silly audit   '@jridgewell/trace-mapping': [ '0.3.31' ],
33 silly audit   '@napi-rs/wasm-runtime': [ '0.2.12' ],
33 silly audit   '@next/env': [ '15.5.4' ],
33 silly audit   '@next/eslint-plugin-next': [ '15.5.4' ],
33 silly audit   '@next/swc-darwin-arm64': [ '15.5.4' ],
33 silly audit   '@next/swc-darwin-x64': [ '15.5.4' ],
33 silly audit   '@next/swc-linux-arm64-gnu': [ '15.5.4' ],
33 silly audit   '@next/swc-linux-arm64-musl': [ '15.5.4' ],
33 silly audit   '@next/swc-linux-x64-gnu': [ '15.5.4' ],
33 silly audit   '@next/swc-linux-x64-musl': [ '15.5.4' ],
33 silly audit   '@next/swc-win32-arm64-msvc': [ '15.5.4' ],
33 silly audit   '@next/swc-win32-x64-msvc': [ '15.5.4' ],
33 silly audit   '@nodelib/fs.scandir': [ '2.1.5' ],
33 silly audit   '@nodelib/fs.stat': [ '2.0.5' ],
33 silly audit   '@nodelib/fs.walk': [ '1.2.8' ],
33 silly audit   '@nolyfill/is-core-module': [ '1.0.39' ],
33 silly audit   '@rtsao/scc': [ '1.1.0' ],
33 silly audit   '@rushstack/eslint-patch': [ '1.13.0' ],
33 silly audit   '@swc/helpers': [ '0.5.15' ],
33 silly audit   '@tailwindcss/node': [ '4.1.14' ],
33 silly audit   '@tailwindcss/oxide': [ '4.1.14' ],
33 silly audit   '@tailwindcss/oxide-android-arm64': [ '4.1.14' ],
33 silly audit   '@tailwindcss/oxide-darwin-arm64': [ '4.1.14' ],
33 silly audit   '@tailwindcss/oxide-darwin-x64': [ '4.1.14' ],
33 silly audit   '@tailwindcss/oxide-freebsd-x64': [ '4.1.14' ],
33 silly audit   '@tailwindcss/oxide-linux-arm-gnueabihf': [ '4.1.14' ],
33 silly audit   '@tailwindcss/oxide-linux-arm64-gnu': [ '4.1.14' ],
33 silly audit   '@tailwindcss/oxide-linux-arm64-musl': [ '4.1.14' ],
33 silly audit   '@tailwindcss/oxide-linux-x64-gnu': [ '4.1.14' ],
33 silly audit   '@tailwindcss/oxide-linux-x64-musl': [ '4.1.14' ],
33 silly audit   '@tailwindcss/oxide-wasm32-wasi': [ '4.1.14' ],
33 silly audit   '@tailwindcss/oxide-win32-arm64-msvc': [ '4.1.14' ],
33 silly audit   '@tailwindcss/oxide-win32-x64-msvc': [ '4.1.14' ],
33 silly audit   '@tailwindcss/postcss': [ '4.1.14' ],
33 silly audit   '@tybys/wasm-util': [ '0.10.1' ],
33 silly audit   '@types/date-fns': [ '2.5.3' ],
33 silly audit   '@types/estree': [ '1.0.8' ],
33 silly audit   '@types/json-schema': [ '7.0.15' ],
33 silly audit   '@types/json5': [ '0.0.29' ],
33 silly audit   '@types/node': [ '20.19.19' ],
33 silly audit   '@types/react': [ '19.2.0' ],
33 silly audit   '@types/react-dom': [ '19.2.0' ],
33 silly audit   '@typescript-eslint/eslint-plugin': [ '8.45.0' ],
33 silly audit   ignore: [ '7.0.5', '5.3.2' ],
33 silly audit   '@typescript-eslint/parser': [ '8.45.0' ],
33 silly audit   '@typescript-eslint/project-service': [ '8.45.0' ],
33 silly audit   '@typescript-eslint/scope-manager': [ '8.45.0' ],
33 silly audit   '@typescript-eslint/tsconfig-utils': [ '8.45.0' ],
33 silly audit   '@typescript-eslint/type-utils': [ '8.45.0' ],
33 silly audit   '@typescript-eslint/types': [ '8.45.0' ],
33 silly audit   '@typescript-eslint/typescript-estree': [ '8.45.0' ],
33 silly audit   'brace-expansion': [ '2.0.2', '1.1.12' ],
33 silly audit   'fast-glob': [ '3.3.3', '3.3.1' ],
33 silly audit   'glob-parent': [ '5.1.2', '6.0.2' ],
33 silly audit   minimatch: [ '9.0.5', '3.1.2' ],
33 silly audit   '@typescript-eslint/utils': [ '8.45.0' ],
33 silly audit   '@typescript-eslint/visitor-keys': [ '8.45.0' ],
33 silly audit   '@unrs/resolver-binding-android-arm-eabi': [ '1.11.1' ],
33 silly audit   '@unrs/resolver-binding-android-arm64': [ '1.11.1' ],
33 silly audit   '@unrs/resolver-binding-darwin-arm64': [ '1.11.1' ],
33 silly audit   '@unrs/resolver-binding-darwin-x64': [ '1.11.1' ],
33 silly audit   '@unrs/resolver-binding-freebsd-x64': [ '1.11.1' ],
33 silly audit   '@unrs/resolver-binding-linux-arm-gnueabihf': [ '1.11.1' ],
33 silly audit   '@unrs/resolver-binding-linux-arm-musleabihf': [ '1.11.1' ],
33 silly audit   '@unrs/resolver-binding-linux-arm64-gnu': [ '1.11.1' ],
33 silly audit   '@unrs/resolver-binding-linux-arm64-musl': [ '1.11.1' ],
33 silly audit   '@unrs/resolver-binding-linux-ppc64-gnu': [ '1.11.1' ],
33 silly audit   '@unrs/resolver-binding-linux-riscv64-gnu': [ '1.11.1' ],
33 silly audit   '@unrs/resolver-binding-linux-riscv64-musl': [ '1.11.1' ],
33 silly audit   '@unrs/resolver-binding-linux-s390x-gnu': [ '1.11.1' ],
33 silly audit   '@unrs/resolver-binding-linux-x64-gnu': [ '1.11.1' ],
33 silly audit   '@unrs/resolver-binding-linux-x64-musl': [ '1.11.1' ],
33 silly audit   '@unrs/resolver-binding-wasm32-wasi': [ '1.11.1' ],
33 silly audit   '@unrs/resolver-binding-win32-arm64-msvc': [ '1.11.1' ],
33 silly audit   '@unrs/resolver-binding-win32-ia32-msvc': [ '1.11.1' ],
33 silly audit   '@unrs/resolver-binding-win32-x64-msvc': [ '1.11.1' ],
33 silly audit   acorn: [ '8.15.0' ],
33 silly audit   'acorn-jsx': [ '5.3.2' ],
33 silly audit   ajv: [ '6.12.6' ],
33 silly audit   'ansi-styles': [ '4.3.0' ],
33 silly audit   argparse: [ '2.0.1' ],
33 silly audit   'aria-query': [ '5.3.2' ],
33 silly audit   'array-buffer-byte-length': [ '1.0.2' ],
33 silly audit   'array-includes': [ '3.1.9' ],
33 silly audit   'array.prototype.findlast': [ '1.2.5' ],
33 silly audit   'array.prototype.findlastindex': [ '1.2.6' ],
33 silly audit   'array.prototype.flat': [ '1.3.3' ],
33 silly audit   'array.prototype.flatmap': [ '1.3.3' ],
33 silly audit   'array.prototype.tosorted': [ '1.1.4' ],
33 silly audit   'arraybuffer.prototype.slice': [ '1.0.4' ],
33 silly audit   'ast-types-flow': [ '0.0.8' ],
33 silly audit   'async-function': [ '1.0.0' ],
33 silly audit   autoprefixer: [ '10.4.21' ],
33 silly audit   'available-typed-arrays': [ '1.0.7' ],
33 silly audit   'axe-core': [ '4.10.3' ],
33 silly audit   'axobject-query': [ '4.1.0' ],
33 silly audit   'balanced-match': [ '1.0.2' ],
33 silly audit   'baseline-browser-mapping': [ '2.8.12' ],
33 silly audit   braces: [ '3.0.3' ],
33 silly audit   browserslist: [ '4.26.3' ],
33 silly audit   'call-bind': [ '1.0.8' ],
33 silly audit   'call-bind-apply-helpers': [ '1.0.2' ],
33 silly audit   'call-bound': [ '1.0.4' ],
33 silly audit   callsites: [ '3.1.0' ],
33 silly audit   'caniuse-lite': [ '1.0.30001748' ],
33 silly audit   chalk: [ '4.1.2' ],
33 silly audit   chownr: [ '3.0.0' ],
33 silly audit   'client-only': [ '0.0.1' ],
33 silly audit   'color-convert': [ '2.0.1' ],
33 silly audit   'color-name': [ '1.1.4' ],
33 silly audit   'concat-map': [ '0.0.1' ],
33 silly audit   'cross-spawn': [ '7.0.6' ],
33 silly audit   csstype: [ '3.1.3' ],
33 silly audit   'damerau-levenshtein': [ '1.0.8' ],
33 silly audit   'data-view-buffer': [ '1.0.2' ],
33 silly audit   'data-view-byte-length': [ '1.0.2' ],
33 silly audit   'data-view-byte-offset': [ '1.0.1' ],
33 silly audit   'date-fns': [ '4.1.0' ],
33 silly audit   debug: [ '4.4.3', '3.2.7' ],
33 silly audit   'deep-is': [ '0.1.4' ],
33 silly audit   'define-data-property': [ '1.1.4' ],
33 silly audit   'define-properties': [ '1.2.1' ],
33 silly audit   'detect-libc': [ '2.1.2' ],
33 silly audit   doctrine: [ '2.1.0' ],
33 silly audit   'dunder-proto': [ '1.0.1' ],
33 silly audit   'electron-to-chromium': [ '1.5.230' ],
33 silly audit   'emoji-regex': [ '9.2.2' ],
33 silly audit   'enhanced-resolve': [ '5.18.3' ],
33 silly audit   'es-abstract': [ '1.24.0' ],
33 silly audit   'es-define-property': [ '1.0.1' ],
33 silly audit   'es-errors': [ '1.3.0' ],
33 silly audit   'es-iterator-helpers': [ '1.2.1' ],
33 silly audit   'es-object-atoms': [ '1.1.1' ],
33 silly audit   'es-set-tostringtag': [ '2.1.0' ],
33 silly audit   'es-shim-unscopables': [ '1.1.0' ],
33 silly audit   'es-to-primitive': [ '1.3.0' ],
33 silly audit   escalade: [ '3.2.0' ],
33 silly audit   'escape-string-regexp': [ '4.0.0' ],
33 silly audit   eslint: [ '9.37.0' ],
33 silly audit   'eslint-config-next': [ '15.5.4' ],
33 silly audit   'eslint-import-resolver-node': [ '0.3.9' ],
33 silly audit   'eslint-import-resolver-typescript': [ '3.10.1' ],
33 silly audit   'eslint-module-utils': [ '2.12.1' ],
33 silly audit   'eslint-plugin-import': [ '2.32.0' ],
33 silly audit   semver: [ '6.3.1', '7.7.2' ],
33 silly audit   'eslint-plugin-jsx-a11y': [ '6.10.2' ],
33 silly audit   'eslint-plugin-react': [ '7.37.5' ],
33 silly audit   'eslint-plugin-react-hooks': [ '5.2.0' ],
33 silly audit   resolve: [ '2.0.0-next.5', '1.22.10' ],
33 silly audit   'eslint-scope': [ '8.4.0' ],
33 silly audit   espree: [ '10.4.0' ],
33 silly audit   esquery: [ '1.6.0' ],
33 silly audit   esrecurse: [ '4.3.0' ],
33 silly audit   estraverse: [ '5.3.0' ],
33 silly audit   esutils: [ '2.0.3' ],
33 silly audit   'fast-deep-equal': [ '3.1.3' ],
33 silly audit   'fast-json-stable-stringify': [ '2.1.0' ],
33 silly audit   'fast-levenshtein': [ '2.0.6' ],
33 silly audit   fastq: [ '1.19.1' ],
33 silly audit   'file-entry-cache': [ '8.0.0' ],
33 silly audit   'fill-range': [ '7.1.1' ],
33 silly audit   'find-up': [ '5.0.0' ],
33 silly audit   'flat-cache': [ '4.0.1' ],
33 silly audit   flatted: [ '3.3.3' ],
33 silly audit   'for-each': [ '0.3.5' ],
33 silly audit   'fraction.js': [ '4.3.7' ],
33 silly audit   'function-bind': [ '1.1.2' ],
33 silly audit   'function.prototype.name': [ '1.1.8' ],
33 silly audit   'functions-have-names': [ '1.2.3' ],
33 silly audit   'generator-function': [ '2.0.1' ],
33 silly audit   'get-intrinsic': [ '1.3.0' ],
33 silly audit   'get-proto': [ '1.0.1' ],
33 silly audit   'get-symbol-description': [ '1.1.0' ],
33 silly audit   'get-tsconfig': [ '4.10.1' ],
33 silly audit   globals: [ '14.0.0' ],
33 silly audit   globalthis: [ '1.0.4' ],
33 silly audit   gopd: [ '1.2.0' ],
33 silly audit   'graceful-fs': [ '4.2.11' ],
33 silly audit   graphemer: [ '1.4.0' ],
33 silly audit   'has-bigints': [ '1.1.0' ],
33 silly audit   'has-flag': [ '4.0.0' ],
33 silly audit   'has-property-descriptors': [ '1.0.2' ],
33 silly audit   'has-proto': [ '1.2.0' ],
33 silly audit   'has-symbols': [ '1.1.0' ],
33 silly audit   'has-tostringtag': [ '1.0.2' ],
33 silly audit   hasown: [ '2.0.2' ],
33 silly audit   'import-fresh': [ '3.3.1' ],
33 silly audit   imurmurhash: [ '0.1.4' ],
33 silly audit   'internal-slot': [ '1.1.0' ],
33 silly audit   'is-array-buffer': [ '3.0.5' ],
33 silly audit   'is-async-function': [ '2.1.1' ],
33 silly audit   'is-bigint': [ '1.1.0' ],
33 silly audit   'is-boolean-object': [ '1.2.2' ],
33 silly audit   'is-bun-module': [ '2.0.0' ],
33 silly audit   'is-callable': [ '1.2.7' ],
33 silly audit   'is-core-module': [ '2.16.1' ],
33 silly audit   'is-data-view': [ '1.0.2' ],
33 silly audit   'is-date-object': [ '1.1.0' ],
33 silly audit   'is-extglob': [ '2.1.1' ],
33 silly audit   'is-finalizationregistry': [ '1.1.1' ],
33 silly audit   'is-generator-function': [ '1.1.2' ],
33 silly audit   'is-glob': [ '4.0.3' ],
33 silly audit   'is-map': [ '2.0.3' ],
33 silly audit   'is-negative-zero': [ '2.0.3' ],
33 silly audit   'is-number': [ '7.0.0' ],
33 silly audit   'is-number-object': [ '1.1.1' ],
33 silly audit   'is-regex': [ '1.2.1' ],
33 silly audit   'is-set': [ '2.0.3' ],
33 silly audit   'is-shared-array-buffer': [ '1.0.4' ],
33 silly audit   'is-string': [ '1.1.1' ],
33 silly audit   'is-symbol': [ '1.1.1' ],
33 silly audit   'is-typed-array': [ '1.1.15' ],
33 silly audit   'is-weakmap': [ '2.0.2' ],
33 silly audit   'is-weakref': [ '1.1.1' ],
33 silly audit   'is-weakset': [ '2.0.4' ],
33 silly audit   isarray: [ '2.0.5' ],
33 silly audit   isexe: [ '2.0.0' ],
33 silly audit   'iterator.prototype': [ '1.1.5' ],
33 silly audit   jiti: [ '2.6.1' ],
33 silly audit   'js-tokens': [ '4.0.0' ],
33 silly audit   'js-yaml': [ '4.1.0' ],
33 silly audit   'json-buffer': [ '3.0.1' ],
33 silly audit   'json-schema-traverse': [ '0.4.1' ],
33 silly audit   'json-stable-stringify-without-jsonify': [ '1.0.1' ],
33 silly audit   json5: [ '1.0.2' ],
33 silly audit   'jsx-ast-utils': [ '3.3.5' ],
33 silly audit   keyv: [ '4.5.4' ],
33 silly audit   'language-subtag-registry': [ '0.3.23' ],
33 silly audit   'language-tags': [ '1.0.9' ],
33 silly audit   levn: [ '0.4.1' ],
33 silly audit   lightningcss: [ '1.30.1' ],
33 silly audit   'lightningcss-darwin-arm64': [ '1.30.1' ],
33 silly audit   'lightningcss-darwin-x64': [ '1.30.1' ],
33 silly audit   'lightningcss-freebsd-x64': [ '1.30.1' ],
33 silly audit   'lightningcss-linux-arm-gnueabihf': [ '1.30.1' ],
33 silly audit   'lightningcss-linux-arm64-gnu': [ '1.30.1' ],
33 silly audit   'lightningcss-linux-arm64-musl': [ '1.30.1' ],
33 silly audit   'lightningcss-linux-x64-gnu': [ '1.30.1' ],
33 silly audit   'lightningcss-linux-x64-musl': [ '1.30.1' ],
33 silly audit   'lightningcss-win32-arm64-msvc': [ '1.30.1' ],
33 silly audit   'lightningcss-win32-x64-msvc': [ '1.30.1' ],
33 silly audit   'locate-path': [ '6.0.0' ],
33 silly audit   'lodash.merge': [ '4.6.2' ],
33 silly audit   'loose-envify': [ '1.4.0' ],
33 silly audit   'lucide-react': [ '0.544.0' ],
33 silly audit   'magic-string': [ '0.30.19' ],
33 silly audit   'math-intrinsics': [ '1.1.0' ],
33 silly audit   merge2: [ '1.4.1' ],
33 silly audit   micromatch: [ '4.0.8' ],
33 silly audit   minimist: [ '1.2.8' ],
33 silly audit   minipass: [ '7.1.2' ],
33 silly audit   minizlib: [ '3.1.0' ],
33 silly audit   ms: [ '2.1.3' ],
33 silly audit   nanoid: [ '3.3.11' ],
33 silly audit   'napi-postinstall': [ '0.3.4' ],
33 silly audit   'natural-compare': [ '1.4.0' ],
33 silly audit   next: [ '15.5.4' ],
33 silly audit   postcss: [ '8.4.31', '8.5.6' ],
33 silly audit   'node-releases': [ '2.0.23' ],
33 silly audit   'normalize-range': [ '0.1.2' ],
33 silly audit   'object-assign': [ '4.1.1' ],
33 silly audit   'object-inspect': [ '1.13.4' ],
33 silly audit   'object-keys': [ '1.1.1' ],
33 silly audit   'object.assign': [ '4.1.7' ],
33 silly audit   'object.entries': [ '1.1.9' ],
33 silly audit   'object.fromentries': [ '2.0.8' ],
33 silly audit   'object.groupby': [ '1.0.3' ],
33 silly audit   'object.values': [ '1.2.1' ],
33 silly audit   optionator: [ '0.9.4' ],
33 silly audit   'own-keys': [ '1.0.1' ],
33 silly audit   'p-limit': [ '3.1.0' ],
33 silly audit   'p-locate': [ '5.0.0' ],
33 silly audit   'parent-module': [ '1.0.1' ],
33 silly audit   'path-exists': [ '4.0.0' ],
33 silly audit   'path-key': [ '3.1.1' ],
33 silly audit   'path-parse': [ '1.0.7' ],
33 silly audit   picocolors: [ '1.1.1' ],
33 silly audit   picomatch: [ '2.3.1', '4.0.3' ],
33 silly audit   'possible-typed-array-names': [ '1.1.0' ],
33 silly audit   'postcss-value-parser': [ '4.2.0' ],
33 silly audit   'prelude-ls': [ '1.2.1' ],
33 silly audit   'prop-types': [ '15.8.1' ],
33 silly audit   punycode: [ '2.3.1' ],
33 silly audit   'queue-microtask': [ '1.2.3' ],
33 silly audit   react: [ '19.1.0' ],
33 silly audit   'react-dom': [ '19.1.0' ],
33 silly audit   'react-is': [ '16.13.1' ],
33 silly audit   'reflect.getprototypeof': [ '1.0.10' ],
33 silly audit   'regexp.prototype.flags': [ '1.5.4' ],
33 silly audit   'resolve-from': [ '4.0.0' ],
33 silly audit   'resolve-pkg-maps': [ '1.0.0' ],
33 silly audit   reusify: [ '1.1.0' ],
33 silly audit   'run-parallel': [ '1.2.0' ],
33 silly audit   'safe-array-concat': [ '1.1.3' ],
33 silly audit   'safe-push-apply': [ '1.0.0' ],
33 silly audit   'safe-regex-test': [ '1.1.0' ],
33 silly audit   scheduler: [ '0.26.0' ],
33 silly audit   'set-function-length': [ '1.2.2' ],
33 silly audit   'set-function-name': [ '2.0.2' ],
33 silly audit   'set-proto': [ '1.0.0' ],
33 silly audit   sharp: [ '0.34.4' ],
33 silly audit   'shebang-command': [ '2.0.0' ],
33 silly audit   'shebang-regex': [ '3.0.0' ],
33 silly audit   'side-channel': [ '1.1.0' ],
33 silly audit   'side-channel-list': [ '1.0.0' ],
33 silly audit   'side-channel-map': [ '1.0.1' ],
33 silly audit   'side-channel-weakmap': [ '1.0.2' ],
33 silly audit   'source-map-js': [ '1.2.1' ],
33 silly audit   'stable-hash': [ '0.0.5' ],
33 silly audit   'stop-iteration-iterator': [ '1.1.0' ],
33 silly audit   'string.prototype.includes': [ '2.0.1' ],
33 silly audit   'string.prototype.matchall': [ '4.0.12' ],
33 silly audit   'string.prototype.repeat': [ '1.0.0' ],
33 silly audit   'string.prototype.trim': [ '1.2.10' ],
33 silly audit   'string.prototype.trimend': [ '1.0.9' ],
33 silly audit   'string.prototype.trimstart': [ '1.0.8' ],
33 silly audit   'strip-bom': [ '3.0.0' ],
33 silly audit   'strip-json-comments': [ '3.1.1' ],
33 silly audit   'styled-jsx': [ '5.1.6' ],
33 silly audit   'supports-color': [ '7.2.0' ],
33 silly audit   'supports-preserve-symlinks-flag': [ '1.0.0' ],
33 silly audit   tailwindcss: [ '4.1.14' ],
33 silly audit   tapable: [ '2.3.0' ],
33 silly audit   tar: [ '7.5.1' ],
33 silly audit   tinyglobby: [ '0.2.15' ],
33 silly audit   fdir: [ '6.5.0' ],
33 silly audit   'to-regex-range': [ '5.0.1' ],
33 silly audit   'ts-api-utils': [ '2.1.0' ],
33 silly audit   'tsconfig-paths': [ '3.15.0' ],
33 silly audit   tslib: [ '2.8.1' ],
33 silly audit   'type-check': [ '0.4.0' ],
33 silly audit   'typed-array-buffer': [ '1.0.3' ],
33 silly audit   'typed-array-byte-length': [ '1.0.3' ],
33 silly audit   'typed-array-byte-offset': [ '1.0.4' ],
33 silly audit   'typed-array-length': [ '1.0.7' ],
33 silly audit   typescript: [ '5.9.3' ],
33 silly audit   'unbox-primitive': [ '1.1.0' ],
33 silly audit   'undici-types': [ '6.21.0' ],
33 silly audit   'unrs-resolver': [ '1.11.1' ],
33 silly audit   'update-browserslist-db': [ '1.1.3' ],
33 silly audit   'uri-js': [ '4.4.1' ],
33 silly audit   which: [ '2.0.2' ],
33 silly audit   'which-boxed-primitive': [ '1.1.1' ],
33 silly audit   'which-builtin-type': [ '1.2.1' ],
33 silly audit   'which-collection': [ '1.0.2' ],
33 silly audit   'which-typed-array': [ '1.1.19' ],
33 silly audit   'word-wrap': [ '1.2.5' ],
33 silly audit   yallist: [ '5.0.0' ],
33 silly audit   'yocto-queue': [ '0.1.0' ],
33 silly audit   '@huggingface/inference': [ '4.13.2' ],
33 silly audit   '@huggingface/jinja': [ '0.5.1' ],
33 silly audit   '@huggingface/tasks': [ '0.19.63' ]
33 silly audit }
34 http cache @huggingface/tasks@https://registry.npmjs.org/@huggingface/tasks/-/tasks-0.19.63.tgz 0ms (cache hit)
35 http cache @huggingface/inference@https://registry.npmjs.org/@huggingface/inference/-/inference-4.13.2.tgz 0ms (cache hit)
36 http cache @huggingface/jinja@https://registry.npmjs.org/@huggingface/jinja/-/jinja-0.5.1.tgz 0ms (cache hit)
37 silly tarball no local data for @huggingface/tasks@https://registry.npmjs.org/@huggingface/tasks/-/tasks-0.19.63.tgz. Extracting by manifest.
38 silly tarball no local data for @huggingface/inference@https://registry.npmjs.org/@huggingface/inference/-/inference-4.13.2.tgz. Extracting by manifest.
39 silly tarball no local data for @huggingface/jinja@https://registry.npmjs.org/@huggingface/jinja/-/jinja-0.5.1.tgz. Extracting by manifest.
40 http fetch POST 200 https://registry.npmjs.org/-/npm/v1/security/advisories/bulk 169ms
41 silly audit report {
41 silly audit report   tar: [
41 silly audit report     {
41 silly audit report       id: 1109463,
41 silly audit report       url: 'https://github.com/advisories/GHSA-29xp-372q-xqph',
41 silly audit report       title: 'node-tar has a race condition leading to uninitialized memory exposure',
41 silly audit report       severity: 'moderate',
41 silly audit report       vulnerable_versions: '=7.5.1',
41 silly audit report       cwe: [Array],
41 silly audit report       cvss: [Object]
41 silly audit report     }
41 silly audit report   ]
41 silly audit report }
42 silly packumentCache corgi:https://registry.npmjs.org/tar cache-miss
43 http fetch GET 200 https://registry.npmjs.org/@huggingface/jinja/-/jinja-0.5.1.tgz 251ms (cache miss)
44 http fetch GET 200 https://registry.npmjs.org/tar 174ms (cache miss)
45 silly packumentCache corgi:https://registry.npmjs.org/tar set size:undefined disposed:false
46 silly packumentCache corgi:https://registry.npmjs.org/@tailwindcss%2foxide cache-miss
47 http fetch GET 200 https://registry.npmjs.org/@tailwindcss%2foxide 221ms (cache miss)
48 silly packumentCache corgi:https://registry.npmjs.org/@tailwindcss%2foxide set size:undefined disposed:false
49 http fetch GET 200 https://registry.npmjs.org/@huggingface/tasks/-/tasks-0.19.63.tgz 748ms (cache miss)
50 http fetch GET 200 https://registry.npmjs.org/@huggingface/inference/-/inference-4.13.2.tgz 794ms (cache miss)
51 silly ADD node_modules/@huggingface/tasks
52 silly ADD node_modules/@huggingface/jinja
53 silly ADD node_modules/@huggingface/inference
54 silly REMOVE node_modules/@heroicons/react
55 verbose cwd /Users/keirawest/Downloads/personal-cic-app
56 verbose os Darwin 25.0.0
57 verbose node v22.18.0
58 verbose npm  v11.6.2
59 verbose exit 0
60 info ok
